# JRE version: OpenJDK Runtime Environment (21.0.6) (build 21.0.6+-13391695-b895.109)
# Java VM: OpenJDK 64-Bit Server VM (21.0.6+-13391695-b895.109, mixed mode, tiered, compressed oops, compressed class ptrs, g1 gc, windows-amd64)
GC Precious Log:
 CardTable entry size: 512
 Card Set container configuration: InlinePtr #cards 5 size 8 Array Of Cards #cards 12 size 40 Howl #buckets 4 coarsen threshold 1843 Howl Bitmap #cards 512 size 80 coarsen threshold 460 Card regions per heap region 1 cards per card region 2048
 CPUs: 8 total, 8 available
 Memory: 16026M
 Large Page Support: Disabled
 NUMA Support: Disabled
 Compressed Oops: Enabled (32-bit)
 Heap Region Size: 1M
 Heap Min Capacity: 8M
 Heap Initial Capacity: 252M
 Heap Max Capacity: 2G
 Pre-touch: Disabled
 Parallel Workers: 8
 Concurrent Workers: 2
 Concurrent Refinement Workers: 8
 Periodic GC: Disabled
Heap:
 garbage-first heap   total 430080K, used 277435K [0x0000000080000000, 0x0000000100000000)
  region size 1024K, 13 young (13312K), 6 survivors (6144K)
 Metaspace       used 213225K, committed 216320K, reserved 1245184K
  class space    used 26686K, committed 28224K, reserved 1048576K
GC Heap History (20 events):
Event: 978.214 GC heap before
{Heap before GC invocations=56 (full 0):
 garbage-first heap   total 326656K, used 300442K [0x0000000080000000, 0x0000000100000000)
  region size 1024K, 106 young (108544K), 5 survivors (5120K)
 Metaspace       used 193472K, committed 196480K, reserved 1245184K
  class space    used 24348K, committed 25856K, reserved 1048576K
}
Event: 978.218 GC heap after
{Heap after GC invocations=57 (full 0):
 garbage-first heap   total 326656K, used 194909K [0x0000000080000000, 0x0000000100000000)
  region size 1024K, 2 young (2048K), 2 survivors (2048K)
 Metaspace       used 193472K, committed 196480K, reserved 1245184K
  class space    used 24348K, committed 25856K, reserved 1048576K
}
Event: 979.180 GC heap before
{Heap before GC invocations=58 (full 0):
 garbage-first heap   total 326656K, used 305501K [0x0000000080000000, 0x0000000100000000)
  region size 1024K, 111 young (113664K), 2 survivors (2048K)
 Metaspace       used 196035K, committed 199104K, reserved 1245184K
  class space    used 24706K, committed 26240K, reserved 1048576K
}
Event: 979.187 GC heap after
{Heap after GC invocations=59 (full 0):
 garbage-first heap   total 326656K, used 205716K [0x0000000080000000, 0x0000000100000000)
  region size 1024K, 13 young (13312K), 13 survivors (13312K)
 Metaspace       used 196035K, committed 199104K, reserved 1245184K
  class space    used 24706K, committed 26240K, reserved 1048576K
}
Event: 979.998 GC heap before
{Heap before GC invocations=59 (full 0):
 garbage-first heap   total 326656K, used 293780K [0x0000000080000000, 0x0000000100000000)
  region size 1024K, 100 young (102400K), 13 survivors (13312K)
 Metaspace       used 199231K, committed 202240K, reserved 1245184K
  class space    used 25133K, committed 26624K, reserved 1048576K
}
Event: 980.012 GC heap after
{Heap after GC invocations=60 (full 0):
 garbage-first heap   total 326656K, used 213268K [0x0000000080000000, 0x0000000100000000)
  region size 1024K, 13 young (13312K), 13 survivors (13312K)
 Metaspace       used 199231K, committed 202240K, reserved 1245184K
  class space    used 25133K, committed 26624K, reserved 1048576K
}
Event: 980.196 GC heap before
{Heap before GC invocations=60 (full 0):
 garbage-first heap   total 326656K, used 228628K [0x0000000080000000, 0x0000000100000000)
  region size 1024K, 30 young (30720K), 13 survivors (13312K)
 Metaspace       used 199301K, committed 202368K, reserved 1245184K
  class space    used 25135K, committed 26624K, reserved 1048576K
}
Event: 980.204 GC heap after
{Heap after GC invocations=61 (full 0):
 garbage-first heap   total 326656K, used 221463K [0x0000000080000000, 0x0000000100000000)
  region size 1024K, 9 young (9216K), 9 survivors (9216K)
 Metaspace       used 199301K, committed 202368K, reserved 1245184K
  class space    used 25135K, committed 26624K, reserved 1048576K
}
Event: 981.453 GC heap before
{Heap before GC invocations=62 (full 0):
 garbage-first heap   total 386048K, used 311575K [0x0000000080000000, 0x0000000100000000)
  region size 1024K, 82 young (83968K), 9 survivors (9216K)
 Metaspace       used 199987K, committed 203072K, reserved 1245184K
  class space    used 25185K, committed 26688K, reserved 1048576K
}
Event: 981.468 GC heap after
{Heap after GC invocations=63 (full 0):
 garbage-first heap   total 386048K, used 244520K [0x0000000080000000, 0x0000000100000000)
  region size 1024K, 11 young (11264K), 11 survivors (11264K)
 Metaspace       used 199987K, committed 203072K, reserved 1245184K
  class space    used 25185K, committed 26688K, reserved 1048576K
}
Event: 982.153 GC heap before
{Heap before GC invocations=63 (full 0):
 garbage-first heap   total 386048K, used 345896K [0x0000000080000000, 0x0000000100000000)
  region size 1024K, 96 young (98304K), 11 survivors (11264K)
 Metaspace       used 203251K, committed 206336K, reserved 1245184K
  class space    used 25471K, committed 26944K, reserved 1048576K
}
Event: 982.169 GC heap after
{Heap after GC invocations=64 (full 0):
 garbage-first heap   total 386048K, used 257024K [0x0000000080000000, 0x0000000100000000)
  region size 1024K, 12 young (12288K), 12 survivors (12288K)
 Metaspace       used 203251K, committed 206336K, reserved 1245184K
  class space    used 25471K, committed 26944K, reserved 1048576K
}
Event: 982.765 GC heap before
{Heap before GC invocations=64 (full 0):
 garbage-first heap   total 386048K, used 338944K [0x0000000080000000, 0x0000000100000000)
  region size 1024K, 93 young (95232K), 12 survivors (12288K)
 Metaspace       used 204180K, committed 207296K, reserved 1245184K
  class space    used 25544K, committed 27072K, reserved 1048576K
}
Event: 982.770 GC heap after
{Heap after GC invocations=65 (full 0):
 garbage-first heap   total 386048K, used 257889K [0x0000000080000000, 0x0000000100000000)
  region size 1024K, 3 young (3072K), 3 survivors (3072K)
 Metaspace       used 204180K, committed 207296K, reserved 1245184K
  class space    used 25544K, committed 27072K, reserved 1048576K
}
Event: 985.064 GC heap before
{Heap before GC invocations=66 (full 0):
 garbage-first heap   total 430080K, used 343905K [0x0000000080000000, 0x0000000100000000)
  region size 1024K, 88 young (90112K), 3 survivors (3072K)
 Metaspace       used 207060K, committed 210176K, reserved 1245184K
  class space    used 25889K, committed 27456K, reserved 1048576K
}
Event: 985.072 GC heap after
{Heap after GC invocations=67 (full 0):
 garbage-first heap   total 430080K, used 262930K [0x0000000080000000, 0x0000000100000000)
  region size 1024K, 8 young (8192K), 8 survivors (8192K)
 Metaspace       used 207060K, committed 210176K, reserved 1245184K
  class space    used 25889K, committed 27456K, reserved 1048576K
}
Event: 985.660 GC heap before
{Heap before GC invocations=67 (full 0):
 garbage-first heap   total 430080K, used 385810K [0x0000000080000000, 0x0000000100000000)
  region size 1024K, 117 young (119808K), 8 survivors (8192K)
 Metaspace       used 210083K, committed 213184K, reserved 1245184K
  class space    used 26263K, committed 27840K, reserved 1048576K
}
Event: 985.675 GC heap after
{Heap after GC invocations=68 (full 0):
 garbage-first heap   total 430080K, used 269097K [0x0000000080000000, 0x0000000100000000)
  region size 1024K, 15 young (15360K), 15 survivors (15360K)
 Metaspace       used 210083K, committed 213184K, reserved 1245184K
  class space    used 26263K, committed 27840K, reserved 1048576K
}
Event: 986.008 GC heap before
{Heap before GC invocations=68 (full 0):
 garbage-first heap   total 430080K, used 340777K [0x0000000080000000, 0x0000000100000000)
  region size 1024K, 87 young (89088K), 15 survivors (15360K)
 Metaspace       used 212417K, committed 215552K, reserved 1245184K
  class space    used 26555K, committed 28096K, reserved 1048576K
}
Event: 986.018 GC heap after
{Heap after GC invocations=69 (full 0):
 garbage-first heap   total 430080K, used 274363K [0x0000000080000000, 0x0000000100000000)
  region size 1024K, 6 young (6144K), 6 survivors (6144K)
 Metaspace       used 212417K, committed 215552K, reserved 1245184K
  class space    used 26555K, committed 28096K, reserved 1048576K
}

